<?xml version="1.0" encoding="UTF-8"?>
<!-- Generated by org.testng.reporters.JUnitReportReporter -->
<testsuite hostname="DESKTOP-2MV2ECG" failures="0" tests="1" name="com.midtransShopping.testCases.shoppingFlow" time="10.683" errors="0" timestamp="2021-03-06T19:21:51 IST" skipped="0">
  <testcase classname="com.midtransShopping.testCases.shoppingFlow" name="paymentTest" time="10.683"/>
  <system-out/>
</testsuite> <!-- com.midtransShopping.testCases.shoppingFlow -->
